ABC command line: "read ../benchmarks/EPFL_suite/sin.aig; resyn2; resyn2; if -K 22 -a; bddextract -u".

Time: 4224.2
FINISHED CPU 4225.98 MEM 56856 MAXMEM 210392 STALE 0 MAXMEM_RSS 192932
<time name="ALL">4226050</time>
ABC command line: "read ../benchmarks/EPFL_suite/sin.aig; resyn2; resyn2; if -K 22 -a; bddextract -u".

ABC command line: "read ../benchmarks/EPFL_suite/sin.aig; resyn2; resyn2; if -K 21 -a; bddextract -u".

Time: 1293.32
FINISHED CPU 1295.08 MEM 0 MAXMEM 116472 STALE 0 MAXMEM_RSS 99404
<time name="ALL">1295090</time>
ABC command line: "read ../benchmarks/EPFL_suite/sin.aig; resyn2; resyn2; if -K 21 -a; bddextract -u".


The number of referenced nodes = 17


The number of referenced nodes = 282


The number of referenced nodes = 151


The number of referenced nodes = 184


The number of referenced nodes = 100


The number of referenced nodes = 2202


The number of referenced nodes = 102


The number of referenced nodes = 14


The number of referenced nodes = 16644926


The number of referenced nodes = 23243366


The number of referenced nodes = 29024364


The number of referenced nodes = 35240586


The number of referenced nodes = 32299569


The number of referenced nodes = 30097239


The number of referenced nodes = 19668485


The number of referenced nodes = 29412362


The number of referenced nodes = 1323


The number of referenced nodes = 29421489


The number of referenced nodes = 30824372


The number of referenced nodes = 140195


The number of referenced nodes = 17


The number of referenced nodes = 10366810


The number of referenced nodes = 20


The number of referenced nodes = 5799107


The number of referenced nodes = 3525


The number of referenced nodes = 31525422


The number of referenced nodes = 23


The number of referenced nodes = 2796894


The number of referenced nodes = 31426808


The number of referenced nodes = 39


The number of referenced nodes = 1170773


The number of referenced nodes = 34946324


The number of referenced nodes = 45


The number of referenced nodes = 372081


The number of referenced nodes = 31584666


The number of referenced nodes = 151


The number of referenced nodes = 158


The number of referenced nodes = 6252


The number of referenced nodes = 1001


The number of referenced nodes = 26806


The number of referenced nodes = 7651818


The number of referenced nodes = 175090


The number of referenced nodes = 1049050


The number of referenced nodes = 27337


The number of referenced nodes = 1857


The number of referenced nodes = 79008


The number of referenced nodes = 388681


The number of referenced nodes = 122


The number of referenced nodes = 184


The number of referenced nodes = 34244176


The number of referenced nodes = 509


The number of referenced nodes = 13355


The number of referenced nodes = 6624


The number of referenced nodes = 179


The number of referenced nodes = 17


The number of referenced nodes = 15


The number of referenced nodes = 122


The number of referenced nodes = 165


The number of referenced nodes = 32645082


The number of referenced nodes = 51


The number of referenced nodes = 1639


The number of referenced nodes = 182


The number of referenced nodes = 17


The number of referenced nodes = 15


The number of referenced nodes = 122


The number of referenced nodes = 165


The number of referenced nodes = 29639797


The number of referenced nodes = 36


The number of referenced nodes = 1005


The number of referenced nodes = 187


The number of referenced nodes = 14


The number of referenced nodes = 15


The number of referenced nodes = 122


The number of referenced nodes = 165


The number of referenced nodes = 25268760


The number of referenced nodes = 385


The number of referenced nodes = 194


The number of referenced nodes = 17


The number of referenced nodes = 165


The number of referenced nodes = 122


The number of referenced nodes = 223


The number of referenced nodes = 20278701


The number of referenced nodes = 198


The number of referenced nodes = 122


The number of referenced nodes = 123


The number of referenced nodes = 120


The number of referenced nodes = 108


The number of referenced nodes = 13


The number of referenced nodes = 8585879


The number of referenced nodes = 15441539


The number of referenced nodes = 19112985


The number of referenced nodes = 999


The number of referenced nodes = 189


The number of referenced nodes = 42


The number of referenced nodes = 123


The number of referenced nodes = 109


The number of referenced nodes = 106


The number of referenced nodes = 553


The number of referenced nodes = 167


The number of referenced nodes = 165


The number of referenced nodes = 201


The number of referenced nodes = 48


The number of referenced nodes = 48


The number of referenced nodes = 167


The number of referenced nodes = 123


The number of referenced nodes = 116


The number of referenced nodes = 124


The number of referenced nodes = 106


The number of referenced nodes = 197


The number of referenced nodes = 57


The number of referenced nodes = 123


The number of referenced nodes = 167


The number of referenced nodes = 98


The number of referenced nodes = 114


The number of referenced nodes = 27


The number of referenced nodes = 109


The number of referenced nodes = 199


The number of referenced nodes = 167


The number of referenced nodes = 101


The number of referenced nodes = 108


The number of referenced nodes = 98


The number of referenced nodes = 44


The number of referenced nodes = 18


The number of referenced nodes = 100


The number of referenced nodes = 194


The number of referenced nodes = 136


The number of referenced nodes = 23


The number of referenced nodes = 108


The number of referenced nodes = 98


The number of referenced nodes = 27


The number of referenced nodes = 68


The number of referenced nodes = 194


The number of referenced nodes = 37


The number of referenced nodes = 93


The number of referenced nodes = 175345


The number of referenced nodes = 203


The number of referenced nodes = 492


The number of referenced nodes = 130576


The number of referenced nodes = 194


The number of referenced nodes = 179195


The number of referenced nodes = 195


The number of referenced nodes = 286472


The number of referenced nodes = 138335


The number of referenced nodes = 200


The number of referenced nodes = 96235


The number of referenced nodes = 28106


The number of referenced nodes = 192


The number of referenced nodes = 21075


The number of referenced nodes = 4425


The number of referenced nodes = 266


The number of referenced nodes = 27


The number of referenced nodes = 4348


The number of referenced nodes = 542


The number of referenced nodes = 202


The number of referenced nodes = 269


The number of referenced nodes = 263


The number of referenced nodes = 258


The number of referenced nodes = 134


The number of referenced nodes = 120


The number of referenced nodes = 47


The number of referenced nodes = 22

nTerms: 2285306
Time: 1600.97
Memory: 2.90944
FINISHED CPU 2532.42 MEM 0 MAXMEM 3068068 STALE 0 MAXMEM_RSS 3050768
<time name="ALL">2532450</time>
ABC command line: "read ../benchmarks/EPFL_suite/sin.aig; resyn2; resyn2; if -K 21 -a; prunedextract -u -l 8".


The number of referenced nodes = 17


The number of referenced nodes = 332


The number of referenced nodes = 169


The number of referenced nodes = 218


The number of referenced nodes = 127


The number of referenced nodes = 2723


The number of referenced nodes = 127


The number of referenced nodes = 14


The number of referenced nodes = 2504087


The number of referenced nodes = 3139594


The number of referenced nodes = 4287774


The number of referenced nodes = 5052713


The number of referenced nodes = 5295137


The number of referenced nodes = 5571717


The number of referenced nodes = 2978916


The number of referenced nodes = 5515652


The number of referenced nodes = 1408


The number of referenced nodes = 5415007


The number of referenced nodes = 5878020


The number of referenced nodes = 90657


The number of referenced nodes = 17


The number of referenced nodes = 1734073


The number of referenced nodes = 20


The number of referenced nodes = 936788


The number of referenced nodes = 2963


The number of referenced nodes = 6080634


The number of referenced nodes = 23


The number of referenced nodes = 334016


The number of referenced nodes = 5993939


The number of referenced nodes = 54


The number of referenced nodes = 285771


The number of referenced nodes = 5374780


The number of referenced nodes = 62


The number of referenced nodes = 120997


The number of referenced nodes = 5952799


The number of referenced nodes = 169


The number of referenced nodes = 161


The number of referenced nodes = 5504


The number of referenced nodes = 1010


The number of referenced nodes = 19474


The number of referenced nodes = 1239090


The number of referenced nodes = 37440


The number of referenced nodes = 138306


The number of referenced nodes = 5663


The number of referenced nodes = 921


The number of referenced nodes = 13415


The number of referenced nodes = 122957


The number of referenced nodes = 140


The number of referenced nodes = 218


The number of referenced nodes = 6025488


The number of referenced nodes = 350


The number of referenced nodes = 3711


The number of referenced nodes = 5198


The number of referenced nodes = 12


The number of referenced nodes = 246


The number of referenced nodes = 17


The number of referenced nodes = 24


The number of referenced nodes = 140


The number of referenced nodes = 189


The number of referenced nodes = 5740875


The number of referenced nodes = 56


The number of referenced nodes = 790


The number of referenced nodes = 255


The number of referenced nodes = 17


The number of referenced nodes = 24


The number of referenced nodes = 140


The number of referenced nodes = 189


The number of referenced nodes = 4611567


The number of referenced nodes = 55


The number of referenced nodes = 941


The number of referenced nodes = 256


The number of referenced nodes = 19


The number of referenced nodes = 24


The number of referenced nodes = 140


The number of referenced nodes = 189


The number of referenced nodes = 3693657


The number of referenced nodes = 350


The number of referenced nodes = 286


The number of referenced nodes = 24


The number of referenced nodes = 189


The number of referenced nodes = 131


The number of referenced nodes = 167


The number of referenced nodes = 2781255


The number of referenced nodes = 293


The number of referenced nodes = 140


The number of referenced nodes = 141


The number of referenced nodes = 138


The number of referenced nodes = 90


The number of referenced nodes = 13


The number of referenced nodes = 1282829


The number of referenced nodes = 1797763


The number of referenced nodes = 2616260


The number of referenced nodes = 1287


The number of referenced nodes = 279


The number of referenced nodes = 44


The number of referenced nodes = 141


The number of referenced nodes = 91


The number of referenced nodes = 135


The number of referenced nodes = 591


The number of referenced nodes = 191


The number of referenced nodes = 189


The number of referenced nodes = 297


The number of referenced nodes = 68


The number of referenced nodes = 50


The number of referenced nodes = 191


The number of referenced nodes = 141


The number of referenced nodes = 130


The number of referenced nodes = 99


The number of referenced nodes = 135


The number of referenced nodes = 293


The number of referenced nodes = 67


The number of referenced nodes = 141


The number of referenced nodes = 191


The number of referenced nodes = 92


The number of referenced nodes = 126


The number of referenced nodes = 28


The number of referenced nodes = 98


The number of referenced nodes = 293


The number of referenced nodes = 191


The number of referenced nodes = 113


The number of referenced nodes = 127


The number of referenced nodes = 92


The number of referenced nodes = 47


The number of referenced nodes = 19


The number of referenced nodes = 87


The number of referenced nodes = 281


The number of referenced nodes = 155


The number of referenced nodes = 26


The number of referenced nodes = 127


The number of referenced nodes = 92


The number of referenced nodes = 29


The number of referenced nodes = 84


The number of referenced nodes = 287


The number of referenced nodes = 45


The number of referenced nodes = 93


The number of referenced nodes = 31005


The number of referenced nodes = 292


The number of referenced nodes = 442


The number of referenced nodes = 58799


The number of referenced nodes = 280


The number of referenced nodes = 111790


The number of referenced nodes = 290


The number of referenced nodes = 138888


The number of referenced nodes = 58554


The number of referenced nodes = 292


The number of referenced nodes = 49115


The number of referenced nodes = 18821


The number of referenced nodes = 277


The number of referenced nodes = 16602


The number of referenced nodes = 3802


The number of referenced nodes = 345


The number of referenced nodes = 28


The number of referenced nodes = 3435


The number of referenced nodes = 607


The number of referenced nodes = 292


The number of referenced nodes = 348


The number of referenced nodes = 348


The number of referenced nodes = 329


The number of referenced nodes = 168


The number of referenced nodes = 143


The number of referenced nodes = 62


The number of referenced nodes = 30


The number of referenced nodes = 13

nTerms: 2438781
Time: 411.052
Memory: 0.290878
FINISHED CPU 1273.99 MEM 0 MAXMEM 323252 STALE 0 MAXMEM_RSS 305008
<time name="ALL">1274000</time>
ABC command line: "read ../benchmarks/EPFL_suite/sin.aig; resyn2; resyn2;  if -K 21 -a; prunedextract -u -l 4".


The number of referenced nodes = 17


The number of referenced nodes = 332


The number of referenced nodes = 155


The number of referenced nodes = 204


The number of referenced nodes = 118


The number of referenced nodes = 2109


The number of referenced nodes = 118


The number of referenced nodes = 13


The number of referenced nodes = 323136


The number of referenced nodes = 412471


The number of referenced nodes = 750354


The number of referenced nodes = 920957


The number of referenced nodes = 1099083


The number of referenced nodes = 1174859


The number of referenced nodes = 642821


The number of referenced nodes = 1101920


The number of referenced nodes = 840


The number of referenced nodes = 1102612


The number of referenced nodes = 1340836


The number of referenced nodes = 32643


The number of referenced nodes = 15


The number of referenced nodes = 202003


The number of referenced nodes = 17


The number of referenced nodes = 105641


The number of referenced nodes = 1821


The number of referenced nodes = 1605088


The number of referenced nodes = 19


The number of referenced nodes = 28782


The number of referenced nodes = 1555766


The number of referenced nodes = 50


The number of referenced nodes = 25847


The number of referenced nodes = 1441076


The number of referenced nodes = 57


The number of referenced nodes = 11360


The number of referenced nodes = 1540897


The number of referenced nodes = 155


The number of referenced nodes = 149


The number of referenced nodes = 2782


The number of referenced nodes = 914


The number of referenced nodes = 8857


The number of referenced nodes = 340278


The number of referenced nodes = 4197


The number of referenced nodes = 11939


The number of referenced nodes = 1285


The number of referenced nodes = 510


The number of referenced nodes = 2344


The number of referenced nodes = 15337


The number of referenced nodes = 131


The number of referenced nodes = 204


The number of referenced nodes = 1437887


The number of referenced nodes = 257


The number of referenced nodes = 1201


The number of referenced nodes = 2814


The number of referenced nodes = 12


The number of referenced nodes = 232


The number of referenced nodes = 17


The number of referenced nodes = 24


The number of referenced nodes = 131


The number of referenced nodes = 180


The number of referenced nodes = 1208833


The number of referenced nodes = 54


The number of referenced nodes = 426


The number of referenced nodes = 235


The number of referenced nodes = 17


The number of referenced nodes = 24


The number of referenced nodes = 131


The number of referenced nodes = 180


The number of referenced nodes = 933705


The number of referenced nodes = 55


The number of referenced nodes = 427


The number of referenced nodes = 240


The number of referenced nodes = 19


The number of referenced nodes = 24


The number of referenced nodes = 131


The number of referenced nodes = 180


The number of referenced nodes = 685297


The number of referenced nodes = 206


The number of referenced nodes = 262


The number of referenced nodes = 24


The number of referenced nodes = 180


The number of referenced nodes = 128


The number of referenced nodes = 150


The number of referenced nodes = 512842


The number of referenced nodes = 269


The number of referenced nodes = 131


The number of referenced nodes = 110


The number of referenced nodes = 118


The number of referenced nodes = 88


The number of referenced nodes = 13


The number of referenced nodes = 221895


The number of referenced nodes = 295025


The number of referenced nodes = 489869


The number of referenced nodes = 1105


The number of referenced nodes = 257


The number of referenced nodes = 44


The number of referenced nodes = 110


The number of referenced nodes = 89


The number of referenced nodes = 96


The number of referenced nodes = 494


The number of referenced nodes = 161


The number of referenced nodes = 180


The number of referenced nodes = 271


The number of referenced nodes = 68


The number of referenced nodes = 44


The number of referenced nodes = 161


The number of referenced nodes = 110


The number of referenced nodes = 129


The number of referenced nodes = 97


The number of referenced nodes = 96


The number of referenced nodes = 269


The number of referenced nodes = 62


The number of referenced nodes = 110


The number of referenced nodes = 161


The number of referenced nodes = 83


The number of referenced nodes = 125


The number of referenced nodes = 28


The number of referenced nodes = 96


The number of referenced nodes = 270


The number of referenced nodes = 161


The number of referenced nodes = 87


The number of referenced nodes = 119


The number of referenced nodes = 83


The number of referenced nodes = 47


The number of referenced nodes = 19


The number of referenced nodes = 85


The number of referenced nodes = 260


The number of referenced nodes = 130


The number of referenced nodes = 26


The number of referenced nodes = 119


The number of referenced nodes = 83


The number of referenced nodes = 29


The number of referenced nodes = 79


The number of referenced nodes = 265


The number of referenced nodes = 45


The number of referenced nodes = 93


The number of referenced nodes = 9265


The number of referenced nodes = 267


The number of referenced nodes = 396


The number of referenced nodes = 19545


The number of referenced nodes = 258


The number of referenced nodes = 34638


The number of referenced nodes = 268


The number of referenced nodes = 39888


The number of referenced nodes = 18206


The number of referenced nodes = 269


The number of referenced nodes = 15329


The number of referenced nodes = 6450


The number of referenced nodes = 255


The number of referenced nodes = 6087


The number of referenced nodes = 2082


The number of referenced nodes = 315


The number of referenced nodes = 28


The number of referenced nodes = 1805


The number of referenced nodes = 477


The number of referenced nodes = 266


The number of referenced nodes = 316


The number of referenced nodes = 306


The number of referenced nodes = 290


The number of referenced nodes = 162


The number of referenced nodes = 123


The number of referenced nodes = 62


The number of referenced nodes = 30


The number of referenced nodes = 13

nTerms: 2556296
Time: 43.908
Memory: 0.10994
FINISHED CPU 738.66 MEM 133484 MAXMEM 133484 STALE 0 MAXMEM_RSS 115280
<time name="ALL">738720</time>
ABC command line: "read ../benchmarks/EPFL_suite/sin.aig; resyn2; resyn2;  if -K 21 -a; arextract -u -l 4".


The number of referenced nodes = 17


The number of referenced nodes = 333


The number of referenced nodes = 160


The number of referenced nodes = 210


The number of referenced nodes = 128


The number of referenced nodes = 2721


The number of referenced nodes = 128


The number of referenced nodes = 14


The number of referenced nodes = 1467500


The number of referenced nodes = 1865179


The number of referenced nodes = 3166799


The number of referenced nodes = 3905034


The number of referenced nodes = 5491990


The number of referenced nodes = 4563471


The number of referenced nodes = 2771669


The number of referenced nodes = 4404989


The number of referenced nodes = 1205


The number of referenced nodes = 4446357


The number of referenced nodes = 5016472


The number of referenced nodes = 63750


The number of referenced nodes = 16


The number of referenced nodes = 918188


The number of referenced nodes = 18


The number of referenced nodes = 437894


The number of referenced nodes = 2618


The number of referenced nodes = 5368162


The number of referenced nodes = 20


The number of referenced nodes = 117720


The number of referenced nodes = 5274015


The number of referenced nodes = 52


The number of referenced nodes = 102035


The number of referenced nodes = 5073843


The number of referenced nodes = 60


The number of referenced nodes = 42063


The number of referenced nodes = 5228328


The number of referenced nodes = 160


The number of referenced nodes = 193


The number of referenced nodes = 4690


The number of referenced nodes = 978


The number of referenced nodes = 15887


The number of referenced nodes = 986517


The number of referenced nodes = 11966


The number of referenced nodes = 43415


The number of referenced nodes = 2403


The number of referenced nodes = 666


The number of referenced nodes = 5168


The number of referenced nodes = 49862


The number of referenced nodes = 133


The number of referenced nodes = 210


The number of referenced nodes = 4892946


The number of referenced nodes = 322


The number of referenced nodes = 2056


The number of referenced nodes = 4723


The number of referenced nodes = 13


The number of referenced nodes = 272


The number of referenced nodes = 17


The number of referenced nodes = 25


The number of referenced nodes = 133


The number of referenced nodes = 183


The number of referenced nodes = 4356027


The number of referenced nodes = 56


The number of referenced nodes = 560


The number of referenced nodes = 284


The number of referenced nodes = 17


The number of referenced nodes = 25


The number of referenced nodes = 133


The number of referenced nodes = 183


The number of referenced nodes = 3419714


The number of referenced nodes = 56


The number of referenced nodes = 737


The number of referenced nodes = 283


The number of referenced nodes = 19


The number of referenced nodes = 25


The number of referenced nodes = 133


The number of referenced nodes = 183


The number of referenced nodes = 2635643


The number of referenced nodes = 234


The number of referenced nodes = 316


The number of referenced nodes = 25


The number of referenced nodes = 183


The number of referenced nodes = 131


The number of referenced nodes = 166


The number of referenced nodes = 1923290


The number of referenced nodes = 322


The number of referenced nodes = 133


The number of referenced nodes = 133


The number of referenced nodes = 134


The number of referenced nodes = 91


The number of referenced nodes = 13


The number of referenced nodes = 724731


The number of referenced nodes = 1138241


The number of referenced nodes = 1812218


The number of referenced nodes = 1290


The number of referenced nodes = 307


The number of referenced nodes = 44


The number of referenced nodes = 133


The number of referenced nodes = 91


The number of referenced nodes = 98


The number of referenced nodes = 592


The number of referenced nodes = 184


The number of referenced nodes = 183


The number of referenced nodes = 328


The number of referenced nodes = 69


The number of referenced nodes = 47


The number of referenced nodes = 184


The number of referenced nodes = 133


The number of referenced nodes = 131


The number of referenced nodes = 99


The number of referenced nodes = 13


The number of referenced nodes = 98


The number of referenced nodes = 323


The number of referenced nodes = 66


The number of referenced nodes = 133


The number of referenced nodes = 184


The number of referenced nodes = 85


The number of referenced nodes = 127


The number of referenced nodes = 28


The number of referenced nodes = 99


The number of referenced nodes = 322


The number of referenced nodes = 184


The number of referenced nodes = 105


The number of referenced nodes = 121


The number of referenced nodes = 85


The number of referenced nodes = 62


The number of referenced nodes = 19


The number of referenced nodes = 88


The number of referenced nodes = 310


The number of referenced nodes = 148


The number of referenced nodes = 26


The number of referenced nodes = 121


The number of referenced nodes = 85


The number of referenced nodes = 32


The number of referenced nodes = 84


The number of referenced nodes = 315


The number of referenced nodes = 46


The number of referenced nodes = 93


The number of referenced nodes = 19529


The number of referenced nodes = 322


The number of referenced nodes = 419


The number of referenced nodes = 42515


The number of referenced nodes = 310


The number of referenced nodes = 75764


The number of referenced nodes = 320


The number of referenced nodes = 91844


The number of referenced nodes = 36643


The number of referenced nodes = 322


The number of referenced nodes = 31442


The number of referenced nodes = 12662


The number of referenced nodes = 308


The number of referenced nodes = 10989


The number of referenced nodes = 3244


The number of referenced nodes = 377


The number of referenced nodes = 28


The number of referenced nodes = 2838


The number of referenced nodes = 559


The number of referenced nodes = 319


The number of referenced nodes = 377


The number of referenced nodes = 379


The number of referenced nodes = 355


The number of referenced nodes = 184


The number of referenced nodes = 159


The number of referenced nodes = 68


The number of referenced nodes = 31


The number of referenced nodes = 14

nTerms: 2320480
Time: 311.3
Memory: 0.281971
FINISHED CPU 1071.95 MEM 313524 MAXMEM 313524 STALE 0 MAXMEM_RSS 295668
<time name="ALL">1071980</time>
